<?xml version="1.0" encoding="UTF-8"?>
<testsuite xmlns:xsi="http://www.w3.org/2001/XMLSchema-instance" xsi:noNamespaceSchemaLocation="https://maven.apache.org/surefire/maven-surefire-plugin/xsd/surefire-test-report-3.0.xsd" version="3.0" name="com.example.springbootdemo.SpringBootDemoApplicationTests" time="1.072" tests="1" errors="0" skipped="0" failures="0">
  <properties>
[...]
</properties>
  <testcase name="contextLoads" classname="com.example.springbootdemo.SpringBootDemoApplicationTests" time="0.358">
    <system-out><![CDATA[11:17:02.401 [main] INFO org.springframework.test.context.support.AnnotationConfigContextLoaderUtils -- Could not detect default configuration classes for test class [com.example.springbootdemo.SpringBootDemoApplicationTests]: SpringBootDemoApplicationTests does not declare any static, non-private, non-final, nested classes annotated with @Configuration.
11:17:02.435 [main] INFO org.springframework.boot.test.context.SpringBootTestContextBootstrapper -- Found @SpringBootConfiguration com.example.springbootdemo.SpringBootDemoApplication for test class com.example.springbootdemo.SpringBootDemoApplicationTests
  .   ____          _            __ _ _
 /\\ / ___'_ __ _ _(_)_ __  __ _ \ \ \ \
( ( )\___ | '_ | '_| | '_ \/ _` | \ \ \ \
 \\/  ___)| |_)| | | | | || (_| |  ) ) ) )
  '  |____| .__|_| |_|_| |_\__, | / / / /
 =========|_|==============|___/=/_/_/_/

 :: Spring Boot ::                (v3.3.0)

2025-01-02T11:17:02.573+08:00  INFO 56850 --- [           main] c.e.s.SpringBootDemoApplicationTests     : Starting SpringBootDemoApplicationTests using Java 17.0.10 with PID 56850 (started by wanglei in /Users/wanglei/Projects/SpringBootProjects/SpringDockerDemo)
2025-01-02T11:17:02.573+08:00  INFO 56850 --- [           main] c.e.s.SpringBootDemoApplicationTests     : No active profile set, falling back to 1 default profile: "default"
2025-01-02T11:17:02.785+08:00  WARN 56850 --- [           main] o.m.s.mapper.ClassPathMapperScanner      : No MyBatis mapper was found in '[com.example.springbootdemo]' package. Please check your configuration.
2025-01-02T11:17:03.052+08:00  INFO 56850 --- [           main] c.e.s.SpringBootDemoApplicationTests     : Started SpringBootDemoApplicationTests in 0.568 seconds (process running for 0.882)
]]></system-out>
  </testcase>
</testsuite>